---
COLLECT<ITEM:GEAR, XLOC:0, YLOC:1, DESCRIPTION:Iron Chestplate, SLOT:CHEST, VALUE:200>
COLLECT<ITEM:MAGIC, XLOC:0, YLOC:2, DESCRIPTION:Healing Potion, VALUE:85>
COLLECT<ITEM:MAGIC, XLOC:1, YLOC:2, DESCRIPTION:Defence Enchantment, VALUE:360>
COLLECT<ITEM:GEAR, XLOC:2, YLOC:2, DESCRIPTION:Iron Helmet, SLOT:HEAD, VALUE:250>
COLLECT<ITEM:GEAR, XLOC:2, YLOC:3, DESCRIPTION:Mithril Chestplate, SLOT:CHEST, VALUE:1050>
DISCARD<ITEM:GEAR, XLOC:2, YLOC:3, DESCRIPTION:Iron Chestplate, SLOT:CHEST, VALUE:200>
COLLECT<ITEM:GEAR, XLOC:2, YLOC:4, DESCRIPTION:Rune Saber, SLOT:HANDS, VALUE:850>
COLLECT<ITEM:GEAR, XLOC:1, YLOC:4, DESCRIPTION:Mithril Helmet, SLOT:HEAD, VALUE:950>
DISCARD<ITEM:GEAR, XLOC:1, YLOC:4, DESCRIPTION:Iron Helmet, SLOT:HEAD, VALUE:250>
COLLECT<ITEM:GEAR, XLOC:1, YLOC:3, DESCRIPTION:Iron Leggings, SLOT:LEGS, VALUE:250>
COLLECT<ITEM:GEAR, XLOC:1, YLOC:1, DESCRIPTION:Mithril Saber, SLOT:HANDS, VALUE:990>
DISCARD<ITEM:GEAR, XLOC:1, YLOC:1, DESCRIPTION:Rune Saber, SLOT:HANDS, VALUE:850>
COLLECT<ITEM:GEAR, XLOC:2, YLOC:1, DESCRIPTION:Mithril Leggings, SLOT:LEGS, VALUE:950>
DISCARD<ITEM:GEAR, XLOC:2, YLOC:1, DESCRIPTION:Iron Leggings, SLOT:LEGS, VALUE:250>
COLLECT<ITEM:COINS, XLOC:3, YLOC:1, VALUE:50>
---
COLLECT<ITEM:GEAR, XLOC:0, YLOC:1, DESCRIPTION:Iron Chestplate, SLOT:CHEST, VALUE:200>
COLLECT<ITEM:MAGIC, XLOC:0, YLOC:2, DESCRIPTION:Healing Potion, VALUE:85>
COLLECT<ITEM:MAGIC, XLOC:1, YLOC:2, DESCRIPTION:Defence Enchantment, VALUE:360>
COLLECT<ITEM:GEAR, XLOC:2, YLOC:2, DESCRIPTION:Iron Helmet, SLOT:HEAD, VALUE:250>
COLLECT<ITEM:GEAR, XLOC:2, YLOC:3, DESCRIPTION:Mithril Chestplate, SLOT:CHEST, VALUE:1050>
DISCARD<ITEM:GEAR, XLOC:2, YLOC:3, DESCRIPTION:Iron Chestplate, SLOT:CHEST, VALUE:200>
COLLECT<ITEM:GEAR, XLOC:2, YLOC:4, DESCRIPTION:Rune Saber, SLOT:HANDS, VALUE:850>
COLLECT<ITEM:GEAR, XLOC:1, YLOC:4, DESCRIPTION:Mithril Helmet, SLOT:HEAD, VALUE:950>
DISCARD<ITEM:GEAR, XLOC:1, YLOC:4, DESCRIPTION:Iron Helmet, SLOT:HEAD, VALUE:250>
COLLECT<ITEM:GEAR, XLOC:1, YLOC:3, DESCRIPTION:Iron Leggings, SLOT:LEGS, VALUE:250>
COLLECT<ITEM:GEAR, XLOC:1, YLOC:1, DESCRIPTION:Mithril Saber, SLOT:HANDS, VALUE:990>
DISCARD<ITEM:GEAR, XLOC:1, YLOC:1, DESCRIPTION:Rune Saber, SLOT:HANDS, VALUE:850>
COLLECT<ITEM:GEAR, XLOC:2, YLOC:1, DESCRIPTION:Mithril Leggings, SLOT:LEGS, VALUE:950>
DISCARD<ITEM:GEAR, XLOC:2, YLOC:1, DESCRIPTION:Iron Leggings, SLOT:LEGS, VALUE:250>
COLLECT<ITEM:COINS, XLOC:3, YLOC:1, VALUE:50>
